<?xml version="1.0" encoding="UTF-8" standalone="no"?>
<beans xmlns="http://www.springframework.org/schema/beans"
	   xmlns:xsi="http://www.w3.org/2001/XMLSchema-instance"
	   xmlns:tx="http://www.springframework.org/schema/tx"
	   xmlns:context="http://www.springframework.org/schema/context" xmlns:mvc="http://www.springframework.org/schema/mvc" xmlns:jdbc="http://www.springframework.org/schema/jdbc"
	   xsi:schemaLocation="http://www.springframework.org/schema/context http://www.springframework.org/schema/context/spring-context-3.1.xsd
     http://www.springframework.org/schema/beans http://www.springframework.org/schema/beans/spring-beans-3.1.xsd
     http://www.springframework.org/schema/tx http://www.springframework.org/schema/tx/spring-tx-3.1.xsd http://www.springframework.org/schema/mvc http://www.springframework.org/schema/mvc/spring-mvc.xsd http://www.springframework.org/schema/jdbc http://www.springframework.org/schema/jdbc/spring-jdbc.xsd">

	<context:property-placeholder location="classpath:test-application.properties" ignore-resource-not-found="true" ignore-unresolvable="true"/>

	<context:annotation-config/>

	<context:component-scan base-package="net.learntechnology.empmaint"/>

	<tx:annotation-driven/>

	<!--
	Example defining the datasource from our properties file/filter,
	If for example running HSQL as separate process:

	<bean id="empDS" class="org.apache.commons.dbcp.BasicDataSource">
		<property name="driverClassName" value="${db.driver}"/>
		<property name="url" value="${db.url}"/>
		<property name="username" value="${db.username}"/>
		<property name="password" value="${db.password}"/>
	</bean>
	-->

	<!-- for simplicity in this demo using an embedded HSQL datasource -->
	<jdbc:embedded-database id="empDS" type="HSQL">
		<jdbc:script location="classpath:/db.script" />
	</jdbc:embedded-database>

	<bean id="transactionManager" class="org.springframework.jdbc.datasource.DataSourceTransactionManager">
		<property name="dataSource" ref="empDS"/>
	</bean>

	<bean id="sqlSessionFactory" class="org.mybatis.spring.SqlSessionFactoryBean">
		<property name="dataSource" ref="empDS"/>
		<property name="typeAliasesPackage" value="net.learntechnology.empmaint.domain"/>
	</bean>

	<bean class="org.mybatis.spring.mapper.MapperScannerConfigurer">
		<property name="basePackage" value="net.learntechnology.empmaint.mapper"/>
		<property name="sqlSessionFactoryBeanName" value="sqlSessionFactory"/>
	</bean>

</beans>